[29-Sep-2014 23:36:41 UTC] PHP Warning:  require_once(/home/lorello/src/webhook/web/vendor/autoload.php): failed to open stream: No such file or directory in /home/lorello/src/webhook/web/index.php on line 7
[29-Sep-2014 23:36:41 UTC] PHP Fatal error:  require_once(): Failed opening required '/home/lorello/src/webhook/web/vendor/autoload.php' (include_path='.:/usr/share/php:/usr/share/pear') in /home/lorello/src/webhook/web/index.php on line 7
[29-Sep-2014 23:37:03 UTC] PHP Warning:  require_once(/home/lorello/src/webhook/web../vendor/autoload.php): failed to open stream: No such file or directory in /home/lorello/src/webhook/web/index.php on line 7
[29-Sep-2014 23:37:03 UTC] PHP Fatal error:  require_once(): Failed opening required '/home/lorello/src/webhook/web../vendor/autoload.php' (include_path='.:/usr/share/php:/usr/share/pear') in /home/lorello/src/webhook/web/index.php on line 7
[29-Sep-2014 23:37:04 UTC] PHP Warning:  require_once(/home/lorello/src/webhook/web../vendor/autoload.php): failed to open stream: No such file or directory in /home/lorello/src/webhook/web/index.php on line 7
[29-Sep-2014 23:37:04 UTC] PHP Fatal error:  require_once(): Failed opening required '/home/lorello/src/webhook/web../vendor/autoload.php' (include_path='.:/usr/share/php:/usr/share/pear') in /home/lorello/src/webhook/web/index.php on line 7
[29-Sep-2014 23:37:04 UTC] PHP Warning:  require_once(/home/lorello/src/webhook/web../vendor/autoload.php): failed to open stream: No such file or directory in /home/lorello/src/webhook/web/index.php on line 7
[29-Sep-2014 23:37:04 UTC] PHP Fatal error:  require_once(): Failed opening required '/home/lorello/src/webhook/web../vendor/autoload.php' (include_path='.:/usr/share/php:/usr/share/pear') in /home/lorello/src/webhook/web/index.php on line 7
[29-Sep-2014 23:37:04 UTC] PHP Warning:  require_once(/home/lorello/src/webhook/web../vendor/autoload.php): failed to open stream: No such file or directory in /home/lorello/src/webhook/web/index.php on line 7
[29-Sep-2014 23:37:04 UTC] PHP Fatal error:  require_once(): Failed opening required '/home/lorello/src/webhook/web../vendor/autoload.php' (include_path='.:/usr/share/php:/usr/share/pear') in /home/lorello/src/webhook/web/index.php on line 7
[29-Sep-2014 23:37:04 UTC] PHP Warning:  require_once(/home/lorello/src/webhook/web../vendor/autoload.php): failed to open stream: No such file or directory in /home/lorello/src/webhook/web/index.php on line 7
[29-Sep-2014 23:37:04 UTC] PHP Fatal error:  require_once(): Failed opening required '/home/lorello/src/webhook/web../vendor/autoload.php' (include_path='.:/usr/share/php:/usr/share/pear') in /home/lorello/src/webhook/web/index.php on line 7
[29-Sep-2014 23:37:04 UTC] PHP Warning:  require_once(/home/lorello/src/webhook/web../vendor/autoload.php): failed to open stream: No such file or directory in /home/lorello/src/webhook/web/index.php on line 7
[29-Sep-2014 23:37:04 UTC] PHP Fatal error:  require_once(): Failed opening required '/home/lorello/src/webhook/web../vendor/autoload.php' (include_path='.:/usr/share/php:/usr/share/pear') in /home/lorello/src/webhook/web/index.php on line 7
[29-Sep-2014 23:37:05 UTC] PHP Warning:  require_once(/home/lorello/src/webhook/web../vendor/autoload.php): failed to open stream: No such file or directory in /home/lorello/src/webhook/web/index.php on line 7
[29-Sep-2014 23:37:05 UTC] PHP Fatal error:  require_once(): Failed opening required '/home/lorello/src/webhook/web../vendor/autoload.php' (include_path='.:/usr/share/php:/usr/share/pear') in /home/lorello/src/webhook/web/index.php on line 7
[29-Sep-2014 23:37:05 UTC] PHP Warning:  require_once(/home/lorello/src/webhook/web../vendor/autoload.php): failed to open stream: No such file or directory in /home/lorello/src/webhook/web/index.php on line 7
[29-Sep-2014 23:37:05 UTC] PHP Fatal error:  require_once(): Failed opening required '/home/lorello/src/webhook/web../vendor/autoload.php' (include_path='.:/usr/share/php:/usr/share/pear') in /home/lorello/src/webhook/web/index.php on line 7
[29-Sep-2014 23:37:14 UTC] PHP Notice:  Undefined variable: toys in /home/lorello/src/webhook/web/index.php on line 15
[29-Sep-2014 23:38:16 UTC] PHP Deprecated:  Function split() is deprecated in /home/lorello/src/webhook/web/index.php on line 21
[29-Sep-2014 23:38:16 UTC] PHP Warning:  split(): REG_BADRPT in /home/lorello/src/webhook/web/index.php on line 21
[29-Sep-2014 23:38:16 UTC] PHP Warning:  Invalid argument supplied for foreach() in /home/lorello/src/webhook/web/index.php on line 23
[29-Sep-2014 23:38:30 UTC] PHP Notice:  Undefined variable: project in /home/lorello/src/webhook/web/index.php on line 24
[29-Sep-2014 23:38:30 UTC] PHP Notice:  Undefined variable: project in /home/lorello/src/webhook/web/index.php on line 24
[29-Sep-2014 23:38:30 UTC] PHP Notice:  Undefined variable: project in /home/lorello/src/webhook/web/index.php on line 24
[29-Sep-2014 23:38:30 UTC] PHP Notice:  Undefined variable: project in /home/lorello/src/webhook/web/index.php on line 24
